Default float: float32
{'mode': 'learn', 'type': 'mnist', 'width': 3, 'height': 3, 'num_examples': 5000, 'aeclass': 'CubeSpaceAE_AMA4Conv', 'comment': 'kltune2', 'hash': '05-06T11:21:55.052WITHVARS', 'label': 'mnist_without_052WITHVARS', 'loadweights': 'False', 'nbepochs': '2001', 'invindex': '0', 'round_number': '1', 'lab_weights': '0', 'moduloepoch': '400', 'resumee': 'resumee', 'start_epoch': '0'}
loaded. picsize: [48, 48]
(5000, 2, 48, 48, 1)
normalized shape: (48, 48, 1) (48, 48, 1)
[['140', '144', '154', 'NoneOfThose'], ['104', '110', '197', 'NoneOfThose'], ['123', '240', '289', '45', '53']]
class precedence list:
  <class 'latplan.model.ConvolutionalConcreteDetNormalizedLogitAddBidirectionalTransitionAEPlus'>
  <class 'latplan.mixins.encoder_decoder.StridedConvolutionalMixin'>
  <class 'latplan.mixins.encoder_decoder.ConvolutionalMixin'>
  <class 'latplan.model.ConcreteDetNormalizedLogitAddBidirectionalTransitionAEPlus'>
  <class 'latplan.model.DetActionMixin'>
  <class 'latplan.model.NormalizedLogitAddBidirectionalMixin'>
  <class 'latplan.model.NormalizedLogitAddPreconditionMixin'>
  <class 'latplan.model.NormalizedLogitAddEffectMixin'>
  <class 'latplan.model.LogitEffectMixin'>
  <class 'latplan.model.BaseActionMixinAMA4Plus'>
  <class 'latplan.model.BidirectionalMixin'>
  <class 'latplan.model.PreconditionMixin'>
  <class 'latplan.model.EffectMixin'>
  <class 'latplan.model.BaseActionMixin'>
  <class 'latplan.model.TransitionWrapper'>
  <class 'latplan.model.StateAE'>
  <class 'latplan.mixins.latent.ConcreteLatentMixin'>
  <class 'latplan.model.EarlyStopMixin'>
  <class 'latplan.mixins.encoder_decoder.FullConnectedMixin'>
  <class 'latplan.mixins.encoder_decoder.EncoderDecoderMixin'>
  <class 'latplan.model.AE'>
  <class 'latplan.network.Network'>
  <class 'object'>
clearning tf session
cleared tf session
Building networks
building a convolutional encoder
pool per layer: 1 depth: 2 total pool: 1 H: 48 W: 48 dH: 0 dW: 0
<keras.layers.convolutional.Conv2D object at 0x14f33856bbd0>
[0, 48, 48, 1] -> (0, 48, 48, 32) : <keras.layers.convolutional.Conv2D object at 0x14f33856bbd0>
<keras.layers.normalization.BatchNormalization object at 0x14f338581390>
(0, 48, 48, 32) -> (0, 48, 48, 32) : <keras.layers.normalization.BatchNormalization object at 0x14f338581390>
<keras.layers.core.Dropout object at 0x14f338581150>
(0, 48, 48, 32) -> (0, 48, 48, 32) : <keras.layers.core.Dropout object at 0x14f338581150>
<keras.layers.convolutional.Conv2D object at 0x14f338581310>
(0, 48, 48, 32) -> (0, 48, 48, 32) : <keras.layers.convolutional.Conv2D object at 0x14f338581310>
<keras.layers.normalization.BatchNormalization object at 0x14f338581790>
(0, 48, 48, 32) -> (0, 48, 48, 32) : <keras.layers.normalization.BatchNormalization object at 0x14f338581790>
<keras.layers.core.Dropout object at 0x14f338581590>
(0, 48, 48, 32) -> (0, 48, 48, 32) : <keras.layers.core.Dropout object at 0x14f338581590>
latent space shape is (48, 48, 32) : 300 propositions in total
building a convolutional decoder
pool per layer: 1 depth: 2 total pool: 1 H: 48 W: 48 dH: 0 dW: 0
<keras.layers.core.Reshape object at 0x14f3385892d0>
[0, 48, 48, 32] -> (0, 48, 48, 32) : <keras.layers.core.Reshape object at 0x14f3385892d0>
<keras.layers.convolutional.Conv2DTranspose object at 0x14f338589590>
(0, 48, 48, 32) -> (0, 48, 48, 32) : <keras.layers.convolutional.Conv2DTranspose object at 0x14f338589590>
<keras.layers.normalization.BatchNormalization object at 0x14f3385899d0>
(0, 48, 48, 32) -> (0, 48, 48, 32) : <keras.layers.normalization.BatchNormalization object at 0x14f3385899d0>
<keras.layers.core.Dropout object at 0x14f338589210>
(0, 48, 48, 32) -> (0, 48, 48, 32) : <keras.layers.core.Dropout object at 0x14f338589210>
<keras.layers.convolutional.Conv2DTranspose object at 0x14f338589a10>
(0, 48, 48, 32) -> (0, 48, 48, 1) : <keras.layers.convolutional.Conv2DTranspose object at 0x14f338589a10>
Network built
Building auxiliary networks
Auxiliary network built
Compiling networks
there are 1 networks.
there are 1 optimizers.
there are 1 losses.
compiling <keras.engine.training.Model object at 0x14f315d06fd0> with <keras_radam.optimizers.RAdam object at 0x14f3157096d0>, <function BaseActionMixinAMA4Plus._build_primary.<locals>.loss at 0x14f315d39f80>.
Network compiled
Saving the network to samples/puzzle_mnist_3_3_5000_CubeSpaceAE_AMA4Conv_kltune2/logs/05-06T11:21:55.052WITHVARS/
saving additional networks
Network saved
Saving the network to samples/puzzle_mnist_3_3_5000_CubeSpaceAE_AMA4Conv_kltune2/logs/05-06T11:21:55.052WITHVARS/
saving additional networks
Network saved
Saving the network to samples/puzzle_mnist_3_3_5000_CubeSpaceAE_AMA4Conv_kltune2/logs/05-06T11:21:55.052WITHVARS/
saving additional networks
Network saved
Saving the network to samples/puzzle_mnist_3_3_5000_CubeSpaceAE_AMA4Conv_kltune2/logs/05-06T11:21:55.052WITHVARS/
saving additional networks
Network saved
Saving the network to samples/puzzle_mnist_3_3_5000_CubeSpaceAE_AMA4Conv_kltune2/logs/05-06T11:21:55.052WITHVARS/
saving additional networks
Network saved
Saving the network to samples/puzzle_mnist_3_3_5000_CubeSpaceAE_AMA4Conv_kltune2/logs/05-06T11:21:55.052WITHVARS/
saving additional networks
Network saved
Default float: float32
{'mode': 'learn', 'type': 'mnist', 'width': 3, 'height': 3, 'num_examples': 5000, 'aeclass': 'CubeSpaceAE_AMA4Conv', 'comment': 'kltune2', 'hash': '05-06T11:21:55.052WITHVARS', 'label': 'mnist_without_052WITHVARS', 'loadweights': 'False', 'nbepochs': '2001', 'invindex': '0', 'round_number': '2', 'lab_weights': '0', 'moduloepoch': '400', 'resumee': 'resumee', 'start_epoch': '0'}
loaded. picsize: [48, 48]
(5000, 2, 48, 48, 1)
normalized shape: (48, 48, 1) (48, 48, 1)
[['140', '144', '154', 'NoneOfThose'], ['104', '110', '197', 'NoneOfThose'], ['123', '240', '289', '45', '53'], ['104', '110', '197', '123', '45'], ['104', '114', '123', '289', '45'], ['104', '197', '123', '45', '140'], ['104', '197', '123', '45', '7'], ['104', '123', '289', '45', '297'], ['110', '123', '45', '144', '154'], ['110', '123', '45', '53', '154'], ['119', '123', '289', '45', '144'], ['119', '123', '289', '45', '53'], ['123', '45', '140', '144', '154'], ['123', '45', '53', '140', '154'], ['123', '45', '144', '154', '7'], ['123', '240', '289', '45', '144'], ['123', '45', '53', '154', '7']]
class precedence list:
  <class 'latplan.model.ConvolutionalConcreteDetNormalizedLogitAddBidirectionalTransitionAEPlus'>
  <class 'latplan.mixins.encoder_decoder.StridedConvolutionalMixin'>
  <class 'latplan.mixins.encoder_decoder.ConvolutionalMixin'>
  <class 'latplan.model.ConcreteDetNormalizedLogitAddBidirectionalTransitionAEPlus'>
  <class 'latplan.model.DetActionMixin'>
  <class 'latplan.model.NormalizedLogitAddBidirectionalMixin'>
  <class 'latplan.model.NormalizedLogitAddPreconditionMixin'>
  <class 'latplan.model.NormalizedLogitAddEffectMixin'>
  <class 'latplan.model.LogitEffectMixin'>
  <class 'latplan.model.BaseActionMixinAMA4Plus'>
  <class 'latplan.model.BidirectionalMixin'>
  <class 'latplan.model.PreconditionMixin'>
  <class 'latplan.model.EffectMixin'>
  <class 'latplan.model.BaseActionMixin'>
  <class 'latplan.model.TransitionWrapper'>
  <class 'latplan.model.StateAE'>
  <class 'latplan.mixins.latent.ConcreteLatentMixin'>
  <class 'latplan.model.EarlyStopMixin'>
  <class 'latplan.mixins.encoder_decoder.FullConnectedMixin'>
  <class 'latplan.mixins.encoder_decoder.EncoderDecoderMixin'>
  <class 'latplan.model.AE'>
  <class 'latplan.network.Network'>
  <class 'object'>
clearning tf session
cleared tf session
Building networks
building a convolutional encoder
pool per layer: 1 depth: 2 total pool: 1 H: 48 W: 48 dH: 0 dW: 0
<keras.layers.convolutional.Conv2D object at 0x154ac8bb6e10>
[0, 48, 48, 1] -> (0, 48, 48, 32) : <keras.layers.convolutional.Conv2D object at 0x154ac8bb6e10>
<keras.layers.normalization.BatchNormalization object at 0x154ac8bcd450>
(0, 48, 48, 32) -> (0, 48, 48, 32) : <keras.layers.normalization.BatchNormalization object at 0x154ac8bcd450>
<keras.layers.core.Dropout object at 0x154ac8bcd210>
(0, 48, 48, 32) -> (0, 48, 48, 32) : <keras.layers.core.Dropout object at 0x154ac8bcd210>
<keras.layers.convolutional.Conv2D object at 0x154ac8bcd3d0>
(0, 48, 48, 32) -> (0, 48, 48, 32) : <keras.layers.convolutional.Conv2D object at 0x154ac8bcd3d0>
<keras.layers.normalization.BatchNormalization object at 0x154ac8bcd850>
(0, 48, 48, 32) -> (0, 48, 48, 32) : <keras.layers.normalization.BatchNormalization object at 0x154ac8bcd850>
<keras.layers.core.Dropout object at 0x154ac8bcd650>
(0, 48, 48, 32) -> (0, 48, 48, 32) : <keras.layers.core.Dropout object at 0x154ac8bcd650>
latent space shape is (48, 48, 32) : 300 propositions in total
building a convolutional decoder
pool per layer: 1 depth: 2 total pool: 1 H: 48 W: 48 dH: 0 dW: 0
<keras.layers.core.Reshape object at 0x154ac8bd5390>
[0, 48, 48, 32] -> (0, 48, 48, 32) : <keras.layers.core.Reshape object at 0x154ac8bd5390>
<keras.layers.convolutional.Conv2DTranspose object at 0x154ac8bd5650>
(0, 48, 48, 32) -> (0, 48, 48, 32) : <keras.layers.convolutional.Conv2DTranspose object at 0x154ac8bd5650>
<keras.layers.normalization.BatchNormalization object at 0x154ac8bd5a90>
(0, 48, 48, 32) -> (0, 48, 48, 32) : <keras.layers.normalization.BatchNormalization object at 0x154ac8bd5a90>
<keras.layers.core.Dropout object at 0x154ac8bd52d0>
(0, 48, 48, 32) -> (0, 48, 48, 32) : <keras.layers.core.Dropout object at 0x154ac8bd52d0>
<keras.layers.convolutional.Conv2DTranspose object at 0x154ac8bd5ad0>
(0, 48, 48, 32) -> (0, 48, 48, 1) : <keras.layers.convolutional.Conv2DTranspose object at 0x154ac8bd5ad0>
Network built
Building auxiliary networks
Auxiliary network built
Compiling networks
there are 1 networks.
there are 1 optimizers.
there are 1 losses.
compiling <keras.engine.training.Model object at 0x154aa5cfc990> with <keras_radam.optimizers.RAdam object at 0x154aa56fe050>, <function BaseActionMixinAMA4Plus._build_primary.<locals>.loss at 0x154aa5d2cef0>.
Network compiled
Saving the network to samples/puzzle_mnist_3_3_5000_CubeSpaceAE_AMA4Conv_kltune2/logs/05-06T11:21:55.052WITHVARS/
saving additional networks
Network saved
Saving the network to samples/puzzle_mnist_3_3_5000_CubeSpaceAE_AMA4Conv_kltune2/logs/05-06T11:21:55.052WITHVARS/
saving additional networks
Network saved
Saving the network to samples/puzzle_mnist_3_3_5000_CubeSpaceAE_AMA4Conv_kltune2/logs/05-06T11:21:55.052WITHVARS/
saving additional networks
Network saved
Saving the network to samples/puzzle_mnist_3_3_5000_CubeSpaceAE_AMA4Conv_kltune2/logs/05-06T11:21:55.052WITHVARS/
saving additional networks
Network saved
Saving the network to samples/puzzle_mnist_3_3_5000_CubeSpaceAE_AMA4Conv_kltune2/logs/05-06T11:21:55.052WITHVARS/
saving additional networks
Network saved
Saving the network to samples/puzzle_mnist_3_3_5000_CubeSpaceAE_AMA4Conv_kltune2/logs/05-06T11:21:55.052WITHVARS/
saving additional networks
Network saved
