Default float: float32
{'mode': 'learn', 'type': 'mnist', 'width': 3, 'height': 3, 'num_examples': 5000, 'aeclass': 'CubeSpaceAE_AMA4Conv', 'comment': 'kltune2', 'hash': '05-06T11:21:55.052', 'label': 'mnist_without_052', 'loadweights': 'False', 'nbepochs': '2001', 'invindex': '0', 'round_number': '1', 'lab_weights': '0', 'moduloepoch': '400', 'resumee': 'resumee', 'start_epoch': '0'}
loaded. picsize: [48, 48]
(5000, 2, 48, 48, 1)
normalized shape: (48, 48, 1) (48, 48, 1)
[['140', '144', '154', 'NoneOfThose'], ['104', '110', '197', 'NoneOfThose'], ['123', '240', '289', '45', '53'], ['104', '110', '197', '123', '45'], ['104', '114', '123', '289', '45'], ['104', '197', '123', '45', '140'], ['104', '197', '123', '45', '7'], ['104', '123', '289', '45', '297'], ['110', '123', '45', '144', '154'], ['110', '123', '45', '53', '154'], ['119', '123', '289', '45', '144'], ['119', '123', '289', '45', '53'], ['123', '45', '140', '144', '154'], ['123', '45', '53', '140', '154'], ['123', '45', '144', '154', '7'], ['123', '240', '289', '45', '144'], ['123', '45', '53', '154', '7']]
class precedence list:
  <class 'latplan.model.ConvolutionalConcreteDetNormalizedLogitAddBidirectionalTransitionAEPlus'>
  <class 'latplan.mixins.encoder_decoder.StridedConvolutionalMixin'>
  <class 'latplan.mixins.encoder_decoder.ConvolutionalMixin'>
  <class 'latplan.model.ConcreteDetNormalizedLogitAddBidirectionalTransitionAEPlus'>
  <class 'latplan.model.DetActionMixin'>
  <class 'latplan.model.NormalizedLogitAddBidirectionalMixin'>
  <class 'latplan.model.NormalizedLogitAddPreconditionMixin'>
  <class 'latplan.model.NormalizedLogitAddEffectMixin'>
  <class 'latplan.model.LogitEffectMixin'>
  <class 'latplan.model.BaseActionMixinAMA4Plus'>
  <class 'latplan.model.BidirectionalMixin'>
  <class 'latplan.model.PreconditionMixin'>
  <class 'latplan.model.EffectMixin'>
  <class 'latplan.model.BaseActionMixin'>
  <class 'latplan.model.TransitionWrapper'>
  <class 'latplan.model.StateAE'>
  <class 'latplan.mixins.latent.ConcreteLatentMixin'>
  <class 'latplan.model.EarlyStopMixin'>
  <class 'latplan.mixins.encoder_decoder.FullConnectedMixin'>
  <class 'latplan.mixins.encoder_decoder.EncoderDecoderMixin'>
  <class 'latplan.model.AE'>
  <class 'latplan.network.Network'>
  <class 'object'>
clearning tf session
cleared tf session
Building networks
building a convolutional encoder
pool per layer: 1 depth: 2 total pool: 1 H: 48 W: 48 dH: 0 dW: 0
<keras.layers.convolutional.Conv2D object at 0x148cb4ab9f50>
[0, 48, 48, 1] -> (0, 48, 48, 32) : <keras.layers.convolutional.Conv2D object at 0x148cb4ab9f50>
<keras.layers.normalization.BatchNormalization object at 0x148cb4ad5590>
(0, 48, 48, 32) -> (0, 48, 48, 32) : <keras.layers.normalization.BatchNormalization object at 0x148cb4ad5590>
<keras.layers.core.Dropout object at 0x148cb4ad5350>
(0, 48, 48, 32) -> (0, 48, 48, 32) : <keras.layers.core.Dropout object at 0x148cb4ad5350>
<keras.layers.convolutional.Conv2D object at 0x148cb4ad5510>
(0, 48, 48, 32) -> (0, 48, 48, 32) : <keras.layers.convolutional.Conv2D object at 0x148cb4ad5510>
<keras.layers.normalization.BatchNormalization object at 0x148cb4ad5990>
(0, 48, 48, 32) -> (0, 48, 48, 32) : <keras.layers.normalization.BatchNormalization object at 0x148cb4ad5990>
<keras.layers.core.Dropout object at 0x148cb4ad5790>
(0, 48, 48, 32) -> (0, 48, 48, 32) : <keras.layers.core.Dropout object at 0x148cb4ad5790>
latent space shape is (48, 48, 32) : 300 propositions in total
building a convolutional decoder
pool per layer: 1 depth: 2 total pool: 1 H: 48 W: 48 dH: 0 dW: 0
<keras.layers.core.Reshape object at 0x148cb4ad9150>
[0, 48, 48, 32] -> (0, 48, 48, 32) : <keras.layers.core.Reshape object at 0x148cb4ad9150>
<keras.layers.convolutional.Conv2DTranspose object at 0x148cb4ad9550>
(0, 48, 48, 32) -> (0, 48, 48, 32) : <keras.layers.convolutional.Conv2DTranspose object at 0x148cb4ad9550>
<keras.layers.normalization.BatchNormalization object at 0x148cb4ad9bd0>
(0, 48, 48, 32) -> (0, 48, 48, 32) : <keras.layers.normalization.BatchNormalization object at 0x148cb4ad9bd0>
<keras.layers.core.Dropout object at 0x148cb4ad9410>
(0, 48, 48, 32) -> (0, 48, 48, 32) : <keras.layers.core.Dropout object at 0x148cb4ad9410>
<keras.layers.convolutional.Conv2DTranspose object at 0x148cb4ad9c10>
(0, 48, 48, 32) -> (0, 48, 48, 1) : <keras.layers.convolutional.Conv2DTranspose object at 0x148cb4ad9c10>
Network built
Building auxiliary networks
Auxiliary network built
Compiling networks
there are 1 networks.
there are 1 optimizers.
there are 1 losses.
compiling <keras.engine.training.Model object at 0x148c9024d290> with <keras_radam.optimizers.RAdam object at 0x148c8fc4bb50>, <function BaseActionMixinAMA4Plus._build_primary.<locals>.loss at 0x148c9024f560>.
Network compiled
Saving the network to samples/puzzle_mnist_3_3_5000_CubeSpaceAE_AMA4Conv_kltune2/logs/05-06T11:21:55.052/
saving additional networks
Network saved
Saving the network to samples/puzzle_mnist_3_3_5000_CubeSpaceAE_AMA4Conv_kltune2/logs/05-06T11:21:55.052/
saving additional networks
Network saved
Saving the network to samples/puzzle_mnist_3_3_5000_CubeSpaceAE_AMA4Conv_kltune2/logs/05-06T11:21:55.052/
saving additional networks
Network saved
Saving the network to samples/puzzle_mnist_3_3_5000_CubeSpaceAE_AMA4Conv_kltune2/logs/05-06T11:21:55.052/
saving additional networks
Network saved
Saving the network to samples/puzzle_mnist_3_3_5000_CubeSpaceAE_AMA4Conv_kltune2/logs/05-06T11:21:55.052/
saving additional networks
Network saved
Saving the network to samples/puzzle_mnist_3_3_5000_CubeSpaceAE_AMA4Conv_kltune2/logs/05-06T11:21:55.052/
saving additional networks
Network saved
Default float: float32
{'mode': 'learn', 'type': 'mnist', 'width': 3, 'height': 3, 'num_examples': 5000, 'aeclass': 'CubeSpaceAE_AMA4Conv', 'comment': 'kltune2', 'hash': '05-06T11:21:55.052', 'label': 'mnist_without_052', 'loadweights': 'False', 'nbepochs': '2001', 'invindex': '0', 'round_number': '2', 'lab_weights': '0', 'moduloepoch': '400', 'resumee': 'resumee', 'start_epoch': '0'}
loaded. picsize: [48, 48]
(5000, 2, 48, 48, 1)
normalized shape: (48, 48, 1) (48, 48, 1)
[['140', '144', '154', 'NoneOfThose'], ['104', '110', '197', 'NoneOfThose'], ['123', '240', '289', '45', '53'], ['104', '110', '197', '123', '45'], ['104', '114', '123', '289', '45'], ['104', '197', '123', '45', '140'], ['104', '197', '123', '45', '7'], ['104', '123', '289', '45', '297'], ['110', '123', '45', '144', '154'], ['110', '123', '45', '53', '154'], ['119', '123', '289', '45', '144'], ['119', '123', '289', '45', '53'], ['123', '45', '140', '144', '154'], ['123', '45', '53', '140', '154'], ['123', '45', '144', '154', '7'], ['123', '240', '289', '45', '144'], ['123', '45', '53', '154', '7']]
class precedence list:
  <class 'latplan.model.ConvolutionalConcreteDetNormalizedLogitAddBidirectionalTransitionAEPlus'>
  <class 'latplan.mixins.encoder_decoder.StridedConvolutionalMixin'>
  <class 'latplan.mixins.encoder_decoder.ConvolutionalMixin'>
  <class 'latplan.model.ConcreteDetNormalizedLogitAddBidirectionalTransitionAEPlus'>
  <class 'latplan.model.DetActionMixin'>
  <class 'latplan.model.NormalizedLogitAddBidirectionalMixin'>
  <class 'latplan.model.NormalizedLogitAddPreconditionMixin'>
  <class 'latplan.model.NormalizedLogitAddEffectMixin'>
  <class 'latplan.model.LogitEffectMixin'>
  <class 'latplan.model.BaseActionMixinAMA4Plus'>
  <class 'latplan.model.BidirectionalMixin'>
  <class 'latplan.model.PreconditionMixin'>
  <class 'latplan.model.EffectMixin'>
  <class 'latplan.model.BaseActionMixin'>
  <class 'latplan.model.TransitionWrapper'>
  <class 'latplan.model.StateAE'>
  <class 'latplan.mixins.latent.ConcreteLatentMixin'>
  <class 'latplan.model.EarlyStopMixin'>
  <class 'latplan.mixins.encoder_decoder.FullConnectedMixin'>
  <class 'latplan.mixins.encoder_decoder.EncoderDecoderMixin'>
  <class 'latplan.model.AE'>
  <class 'latplan.network.Network'>
  <class 'object'>
clearning tf session
cleared tf session
Building networks
building a convolutional encoder
pool per layer: 1 depth: 2 total pool: 1 H: 48 W: 48 dH: 0 dW: 0
<keras.layers.convolutional.Conv2D object at 0x14daa2b54e50>
[0, 48, 48, 1] -> (0, 48, 48, 32) : <keras.layers.convolutional.Conv2D object at 0x14daa2b54e50>
<keras.layers.normalization.BatchNormalization object at 0x14daa2b58650>
(0, 48, 48, 32) -> (0, 48, 48, 32) : <keras.layers.normalization.BatchNormalization object at 0x14daa2b58650>
<keras.layers.core.Dropout object at 0x14daa2b58390>
(0, 48, 48, 32) -> (0, 48, 48, 32) : <keras.layers.core.Dropout object at 0x14daa2b58390>
<keras.layers.convolutional.Conv2D object at 0x14daa2b585d0>
(0, 48, 48, 32) -> (0, 48, 48, 32) : <keras.layers.convolutional.Conv2D object at 0x14daa2b585d0>
<keras.layers.normalization.BatchNormalization object at 0x14daa2b58a50>
(0, 48, 48, 32) -> (0, 48, 48, 32) : <keras.layers.normalization.BatchNormalization object at 0x14daa2b58a50>
<keras.layers.core.Dropout object at 0x14daa2b58850>
(0, 48, 48, 32) -> (0, 48, 48, 32) : <keras.layers.core.Dropout object at 0x14daa2b58850>
latent space shape is (48, 48, 32) : 300 propositions in total
building a convolutional decoder
pool per layer: 1 depth: 2 total pool: 1 H: 48 W: 48 dH: 0 dW: 0
<keras.layers.core.Reshape object at 0x14daa2b60150>
[0, 48, 48, 32] -> (0, 48, 48, 32) : <keras.layers.core.Reshape object at 0x14daa2b60150>
<keras.layers.convolutional.Conv2DTranspose object at 0x14daa2b605d0>
(0, 48, 48, 32) -> (0, 48, 48, 32) : <keras.layers.convolutional.Conv2DTranspose object at 0x14daa2b605d0>
<keras.layers.normalization.BatchNormalization object at 0x14daa2b60c50>
(0, 48, 48, 32) -> (0, 48, 48, 32) : <keras.layers.normalization.BatchNormalization object at 0x14daa2b60c50>
<keras.layers.core.Dropout object at 0x14daa2b60810>
(0, 48, 48, 32) -> (0, 48, 48, 32) : <keras.layers.core.Dropout object at 0x14daa2b60810>
<keras.layers.convolutional.Conv2DTranspose object at 0x14daa2b60c90>
(0, 48, 48, 32) -> (0, 48, 48, 1) : <keras.layers.convolutional.Conv2DTranspose object at 0x14daa2b60c90>
Network built
Building auxiliary networks
Auxiliary network built
Compiling networks
there are 1 networks.
there are 1 optimizers.
there are 1 losses.
compiling <keras.engine.training.Model object at 0x14daa090ca10> with <keras_radam.optimizers.RAdam object at 0x14daa030e150>, <function BaseActionMixinAMA4Plus._build_primary.<locals>.loss at 0x14daa093bf80>.
Network compiled
Saving the network to samples/puzzle_mnist_3_3_5000_CubeSpaceAE_AMA4Conv_kltune2/logs/05-06T11:21:55.052/
saving additional networks
Network saved
Saving the network to samples/puzzle_mnist_3_3_5000_CubeSpaceAE_AMA4Conv_kltune2/logs/05-06T11:21:55.052/
saving additional networks
Network saved
Saving the network to samples/puzzle_mnist_3_3_5000_CubeSpaceAE_AMA4Conv_kltune2/logs/05-06T11:21:55.052/
saving additional networks
Network saved
Saving the network to samples/puzzle_mnist_3_3_5000_CubeSpaceAE_AMA4Conv_kltune2/logs/05-06T11:21:55.052/
saving additional networks
Network saved
Saving the network to samples/puzzle_mnist_3_3_5000_CubeSpaceAE_AMA4Conv_kltune2/logs/05-06T11:21:55.052/
saving additional networks
Network saved
Saving the network to samples/puzzle_mnist_3_3_5000_CubeSpaceAE_AMA4Conv_kltune2/logs/05-06T11:21:55.052/
saving additional networks
Network saved
